{
  "RSpec": {
    "coverage": {
      "/Users/RS/Desktop/u_message/u_message_be/app/models/friendship.rb": [
        1,
        1,
        null,
        1,
        1,
        null,
        1,
        1,
        null,
        1,
        null,
        1,
        null,
        1,
        null,
        null,
        null,
        null,
        null,
        1,
        null,
        null,
        null,
        1,
        null,
        1,
        3,
        0,
        null,
        null,
        null,
        1,
        0,
        0,
        null,
        null,
        null
      ],
      "/Users/RS/Desktop/u_message/u_message_be/app/models/application_record.rb": [
        1,
        1,
        null
      ],
      "/Users/RS/Desktop/u_message/u_message_be/spec/Model/user_spec.rb": [
        1,
        null,
        1,
        1,
        2,
        2,
        null,
        null,
        1,
        null,
        null,
        null
      ],
      "/Users/RS/Desktop/u_message/u_message_be/app/models/user.rb": [
        1,
        1,
        null,
        1,
        null,
        1,
        1,
        1,
        1,
        1,
        null,
        1,
        null,
        null,
        null,
        null,
        1,
        null,
        null,
        null,
        1,
        null,
        0,
        null,
        null,
        null,
        null,
        null,
        null,
        null,
        1,
        null,
        0,
        null,
        null,
        null,
        null,
        null,
        null,
        null
      ],
      "/Users/RS/Desktop/u_message/u_message_be/spec/channels/message_spec.rb": [
        1,
        null,
        1,
        1,
        1,
        1,
        1,
        1,
        0,
        null,
        null,
        null
      ],
      "/Users/RS/Desktop/u_message/u_message_be/app/controllers/api/v1/messages_controller.rb": [
        1,
        null,
        1,
        0,
        null,
        null,
        null,
        null,
        0,
        0,
        null,
        0,
        null,
        null,
        null,
        1,
        null,
        1,
        0,
        null,
        null
      ],
      "/Users/RS/Desktop/u_message/u_message_be/app/controllers/application_controller.rb": [
        1,
        null
      ],
      "/Users/RS/Desktop/u_message/u_message_be/app/models/user_conversation.rb": [
        1,
        1,
        1,
        null
      ],
      "/Users/RS/Desktop/u_message/u_message_be/app/models/conversation.rb": [
        1,
        1,
        1,
        1,
        null,
        1,
        0,
        0,
        0,
        0,
        null,
        null,
        null,
        null
      ]
    },
    "timestamp": 1543554155
  }
}
